<?xml version="1.0" encoding="UTF-8"?>
<!-- Generated by org.testng.reporters.JUnitReportReporter -->
<testsuite skipped="0" hostname="Neupane-PC" name="com.testcases.manager.TS_03_ChangePassword" tests="2" failures="0" timestamp="10 Apr 2018 17:44:34 GMT" time="3.425" errors="0">
  <testcase name="tc_01_positiveLoginTest" time="0.708" classname="com.testcases.manager.TS_03_ChangePassword"/>
  <testcase name="tc_03_negativeChangePassword" time="2.717" classname="com.testcases.manager.TS_03_ChangePassword"/>
</testsuite> <!-- com.testcases.manager.TS_03_ChangePassword -->
